-------------------------------------------------------------------------------
Test set: xavi.tech.springfood.SpringFoodApplicationTests
-------------------------------------------------------------------------------
Tests run: 1, Failures: 0, Errors: 1, Skipped: 0, Time elapsed: 2.334 s <<< FAILURE! - in xavi.tech.springfood.SpringFoodApplicationTests
contextLoads  Time elapsed: 0.005 s  <<< ERROR!
java.lang.IllegalStateException: Failed to load ApplicationContext
Caused by: org.springframework.beans.factory.BeanCreationException: Error creating bean with name 'entityManagerFactory' defined in class path resource [org/springframework/boot/autoconfigure/orm/jpa/HibernateJpaConfiguration.class]: Invocation of init method failed; nested exception is javax.persistence.PersistenceException: [PersistenceUnit: default] Unable to build Hibernate SessionFactory; nested exception is org.hibernate.MappingException: Could not determine type for: xavi.tech.springfood.model.Client, at table: order_main, for columns: [org.hibernate.mapping.Column(client)]
Caused by: javax.persistence.PersistenceException: [PersistenceUnit: default] Unable to build Hibernate SessionFactory; nested exception is org.hibernate.MappingException: Could not determine type for: xavi.tech.springfood.model.Client, at table: order_main, for columns: [org.hibernate.mapping.Column(client)]
Caused by: org.hibernate.MappingException: Could not determine type for: xavi.tech.springfood.model.Client, at table: order_main, for columns: [org.hibernate.mapping.Column(client)]

